20:43:59.871 [main] INFO  com.intuit.karate.Runner - using system property 'karate.env': prod
20:44:00.772 [main] DEBUG com.intuit.karate.Suite - [config] classpath:karate-config.js
20:44:00.784 [main] DEBUG com.intuit.karate.Suite - waiting for 5 features to complete
20:44:02.096 [pool-2-thread-1] DEBUG com.intuit.karate - request:
1 > GET https://parabank.parasoft.com/parabank/services/bank/customers/12212/accounts
1 > Accept: application/json
1 > Host: parabank.parasoft.com
1 > Connection: Keep-Alive
1 > User-Agent: Apache-HttpClient/4.5.13 (Java/19.0.2)
1 > Accept-Encoding: gzip,deflate


20:44:02.097 [pool-2-thread-3] DEBUG com.intuit.karate - request:
1 > GET https://parabank.parasoft.com/parabank/services/bank/login/john/demo
1 > Accept: application/json
1 > Host: parabank.parasoft.com
1 > Connection: Keep-Alive
1 > User-Agent: Apache-HttpClient/4.5.13 (Java/19.0.2)
1 > Accept-Encoding: gzip,deflate


20:44:02.097 [pool-2-thread-2] DEBUG com.intuit.karate - request:
1 > GET https://parabank.parasoft.com/parabank/services/bank/customers/35826/accounts
1 > Accept: application/json
1 > Host: parabank.parasoft.com
1 > Connection: Keep-Alive
1 > User-Agent: Apache-HttpClient/4.5.13 (Java/19.0.2)
1 > Accept-Encoding: gzip,deflate


20:44:02.097 [pool-2-thread-4] DEBUG com.intuit.karate - request:
1 > POST https://parabank.parasoft.com/parabank/services/bank/billpay
1 > Accept: application/json
1 > Content-Type: application/json; charset=UTF-8
1 > Content-Length: 212
1 > Host: parabank.parasoft.com
1 > Connection: Keep-Alive
1 > User-Agent: Apache-HttpClient/4.5.13 (Java/19.0.2)
1 > Accept-Encoding: gzip,deflate
{"accountId":13122,"amount":1000000,"name":"Pago de prueba","address":{"street":"direccion de prueba","city":"Medellin","state":"Antioquia","zipCode":"5002"},"phoneNumber":"3333333333333","accountNumber":"13344"}

20:44:02.097 [pool-2-thread-5] DEBUG com.intuit.karate - request:
1 > POST https://parabank.parasoft.com/parabank/services/bank/requestLoan
1 > Accept: application/json
1 > Content-Type: application/json; charset=UTF-8
1 > Content-Length: 75
1 > Host: parabank.parasoft.com
1 > Connection: Keep-Alive
1 > User-Agent: Apache-HttpClient/4.5.13 (Java/19.0.2)
1 > Accept-Encoding: gzip,deflate
{"customerId":12212,"amount":17149,"downPayment":485,"fromAccountId":12345}

20:44:02.724 [pool-2-thread-3] DEBUG com.intuit.karate - response time in milliseconds: 626
1 < 200
1 < Date: Mon, 17 Nov 2025 01:44:02 GMT
1 < Content-Type: application/json
1 < Transfer-Encoding: chunked
1 < Connection: keep-alive
1 < Server: cloudflare
1 < cf-cache-status: DYNAMIC
1 < X-Content-Type-Options: nosniff
1 < CF-RAY: 99fb8a651b69c873-MIA
{"id":12212,"firstName":"John","lastName":"Smith","address":{"street":"1431 Main St","city":"Beverly Hills","state":"CA","zipCode":"90210"},"phoneNumber":"310-447-4121","ssn":"622-11-9999"}

20:44:02.744 [pool-2-thread-3] INFO  com.intuit.karate - [print] Login successful. User ID: 12212 CF-RAY header: 99fb8a651b69c873-MIA 
20:44:02.767 [pool-2-thread-3] DEBUG com.intuit.karate - request:
1 > POST https://parabank.parasoft.com/parabank/services/bank/transfer?amount=89&fromAccountId=12345&toAccountId=12900
1 > Accept: application/json
1 > Host: parabank.parasoft.com
1 > Connection: Keep-Alive
1 > User-Agent: Apache-HttpClient/4.5.13 (Java/19.0.2)
1 > Accept-Encoding: gzip,deflate


20:44:02.883 [pool-2-thread-4] DEBUG com.intuit.karate - response time in milliseconds: 786
1 < 500
1 < Date: Mon, 17 Nov 2025 01:44:02 GMT
1 < Content-Length: 0
1 < Connection: keep-alive
1 < Server: cloudflare
1 < cf-cache-status: DYNAMIC
1 < X-Content-Type-Options: nosniff
1 < CF-RAY: 99fb8a65183bbc83-MIA


20:44:02.885 [pool-2-thread-4] INFO  com.intuit.karate - [print] Status recibido: 500 
20:44:02.886 [pool-2-thread-4] INFO  com.intuit.karate - [print] Respuesta recibida:  
20:44:02.901 [pool-2-thread-4] ERROR com.intuit.karate - classpath:org/udea/parabank/PaymentFailed.feature:36
* if (isClientError && response)
js failed:
>>>>
01: if (isClientError && response)
<<<<
org.graalvm.polyglot.PolyglotException: SyntaxError: Unnamed:1:30 Expected ; but found eof
if (isClientError && response)
                              ^

- org.graalvm.polyglot.Context.eval(Context.java:425)
- com.intuit.karate.graal.JsEngine.evalForValue(JsEngine.java:139)
- com.intuit.karate.graal.JsEngine.eval(JsEngine.java:135)
- com.intuit.karate.core.ScenarioEngine.evalJs(ScenarioEngine.java:1190)
- com.intuit.karate.ScenarioActions.evalIf(ScenarioActions.java:394)
- java.base/jdk.internal.reflect.DirectMethodHandleAccessor.invoke(DirectMethodHandleAccessor.java:104)
- java.base/java.lang.reflect.Method.invoke(Method.java:578)

classpath:org/udea/parabank/PaymentFailed.feature:36
20:44:02.919 [pool-2-thread-4] DEBUG com.intuit.karate - request:
1 > POST https://parabank.parasoft.com/parabank/services/bank/transfer?amount=152&fromAccountId=28694&toAccountId=35414
1 > Accept: application/json
1 > Host: parabank.parasoft.com
1 > Connection: Keep-Alive
1 > User-Agent: Apache-HttpClient/4.5.13 (Java/19.0.2)
1 > Accept-Encoding: gzip,deflate


20:44:03.063 [pool-2-thread-2] DEBUG com.intuit.karate - response time in milliseconds: 966
1 < 400
1 < Date: Mon, 17 Nov 2025 01:44:02 GMT
1 < Content-Type: text/plain;charset=UTF-8
1 < Content-Length: 30
1 < Connection: keep-alive
1 < Server: cloudflare
1 < cf-cache-status: DYNAMIC
1 < X-Content-Type-Options: nosniff
1 < CF-RAY: 99fb8a672ceccc76-TPA
Could not find customer #35826

20:44:03.143 [pool-2-thread-1] DEBUG com.intuit.karate - response time in milliseconds: 1046
1 < 200
1 < Date: Mon, 17 Nov 2025 01:44:02 GMT
1 < Content-Type: application/json
1 < Transfer-Encoding: chunked
1 < Connection: keep-alive
1 < Server: cloudflare
1 < cf-cache-status: DYNAMIC
1 < X-Content-Type-Options: nosniff
1 < CF-RAY: 99fb8a66cf93db05-MIA
[{"id":12345,"customerId":12212,"type":"CHECKING","balance":-20704.00},{"id":12456,"customerId":12212,"type":"CHECKING","balance":-289.55},{"id":12567,"customerId":12212,"type":"CHECKING","balance":400.00},{"id":12678,"customerId":12212,"type":"SAVINGS","balance":-100.00},{"id":12789,"customerId":12212,"type":"CHECKING","balance":100.00},{"id":12900,"customerId":12212,"type":"CHECKING","balance":1455.00},{"id":13011,"customerId":12212,"type":"CHECKING","balance":100.00},{"id":13122,"customerId":12212,"type":"CHECKING","balance":-998900.00},{"id":13233,"customerId":12212,"type":"CHECKING","balance":100.00},{"id":13344,"customerId":12212,"type":"SAVINGS","balance":1140.10},{"id":13677,"customerId":12212,"type":"SAVINGS","balance":90.00},{"id":14010,"customerId":12212,"type":"CHECKING","balance":90.00},{"id":14121,"customerId":12212,"type":"CHECKING","balance":90.00},{"id":14676,"customerId":12212,"type":"CHECKING","balance":90.00},{"id":15009,"customerId":12212,"type":"CHECKING","balance":90.00},{"id":15120,"customerId":12212,"type":"CHECKING","balance":90.00},{"id":54321,"customerId":12212,"type":"CHECKING","balance":17851.12}]

20:44:03.196 [pool-2-thread-3] DEBUG com.intuit.karate - response time in milliseconds: 429
1 < 200
1 < Date: Mon, 17 Nov 2025 01:44:02 GMT
1 < Content-Type: application/json
1 < Transfer-Encoding: chunked
1 < Connection: keep-alive
1 < Server: cloudflare
1 < cf-cache-status: DYNAMIC
1 < X-Content-Type-Options: nosniff
1 < CF-RAY: 99fb8a67daa8cc79-TPA
Successfully transferred $89 from account #12345 to account #12900

20:44:03.698 [pool-2-thread-5] DEBUG com.intuit.karate - response time in milliseconds: 1601
1 < 400
1 < Date: Mon, 17 Nov 2025 01:44:02 GMT
1 < Content-Type: text/plain;charset=UTF-8
1 < Content-Length: 164
1 < Connection: keep-alive
1 < Server: cloudflare
1 < cf-cache-status: DYNAMIC
1 < X-Content-Type-Options: nosniff
1 < CF-RAY: 99fb8a66ef71c82c-TPA
Cannot invoke "java.math.BigDecimal.compareTo(java.math.BigDecimal)" because the return value of "com.parasoft.parabank.domain.LoanRequest.getDownPayment()" is null

20:44:03.701 [pool-2-thread-5] INFO  com.intuit.karate - [print] Loan request status: 400 
20:44:03.703 [pool-2-thread-5] INFO  com.intuit.karate - [print] Loan request response: Cannot invoke "java.math.BigDecimal.compareTo(java.math.BigDecimal)" because the return value of "com.parasoft.parabank.domain.LoanRequest.getDownPayment()" is null 
20:44:03.713 [pool-2-thread-5] ERROR com.intuit.karate - classpath:org/udea/parabank/SimulacionPrestamo.feature:33
* if (isSuccess)
js failed:
>>>>
01: if (isSuccess)
<<<<
org.graalvm.polyglot.PolyglotException: SyntaxError: Unnamed:1:14 Expected ; but found eof
if (isSuccess)
              ^

- org.graalvm.polyglot.Context.eval(Context.java:425)
- com.intuit.karate.graal.JsEngine.evalForValue(JsEngine.java:139)
- com.intuit.karate.graal.JsEngine.eval(JsEngine.java:135)
- com.intuit.karate.core.ScenarioEngine.evalJs(ScenarioEngine.java:1190)
- com.intuit.karate.ScenarioActions.evalIf(ScenarioActions.java:394)
- java.base/jdk.internal.reflect.DirectMethodHandleAccessor.invoke(DirectMethodHandleAccessor.java:104)
- java.base/java.lang.reflect.Method.invoke(Method.java:578)

classpath:org/udea/parabank/SimulacionPrestamo.feature:33
20:44:03.767 [pool-3-thread-1] INFO  com.intuit.karate.Suite - <<pass>> feature 1 of 5 (4 remaining) classpath:org/udea/parabank/ConsultaCuentas.feature
20:44:03.857 [pool-3-thread-1] INFO  com.intuit.karate.Suite - <<pass>> feature 2 of 5 (3 remaining) classpath:org/udea/parabank/login.feature
20:44:03.965 [pool-3-thread-1] INFO  com.intuit.karate.Suite - <<fail>> feature 3 of 5 (2 remaining) classpath:org/udea/parabank/PaymentFailed.feature
20:44:04.009 [pool-2-thread-4] DEBUG com.intuit.karate - response time in milliseconds: 1089
1 < 400
1 < Date: Mon, 17 Nov 2025 01:44:03 GMT
1 < Content-Type: text/plain;charset=UTF-8
1 < Content-Length: 48
1 < Connection: keep-alive
1 < Server: cloudflare
1 < cf-cache-status: DYNAMIC
1 < X-Content-Type-Options: nosniff
1 < CF-RAY: 99fb8a6d2c41a51b-MIA
Could not find account number 28694 and/or 35414

20:44:04.108 [pool-3-thread-1] INFO  com.intuit.karate.Suite - <<fail>> feature 4 of 5 (1 remaining) classpath:org/udea/parabank/SimulacionPrestamo.feature
20:44:04.210 [pool-3-thread-1] INFO  com.intuit.karate.Suite - <<pass>> feature 5 of 5 (0 remaining) classpath:org/udea/parabank/TransferFunds.feature
20:50:02.680 [main] INFO  com.intuit.karate.Runner - using system property 'karate.env': prod
20:50:03.562 [main] DEBUG com.intuit.karate.Suite - [config] classpath:karate-config.js
20:50:03.571 [main] INFO  com.intuit.karate.Suite - backed up existing 'target\karate-reports' dir to: target\karate-reports_1763344203570
20:50:03.580 [main] DEBUG com.intuit.karate.Suite - waiting for 5 features to complete
20:50:04.761 [pool-2-thread-3] DEBUG com.intuit.karate - request:
1 > GET https://parabank.parasoft.com/parabank/services/bank/login/john/demo
1 > Accept: application/json
1 > Host: parabank.parasoft.com
1 > Connection: Keep-Alive
1 > User-Agent: Apache-HttpClient/4.5.13 (Java/19.0.2)
1 > Accept-Encoding: gzip,deflate


20:50:04.761 [pool-2-thread-2] DEBUG com.intuit.karate - request:
1 > GET https://parabank.parasoft.com/parabank/services/bank/customers/67357/accounts
1 > Accept: application/json
1 > Host: parabank.parasoft.com
1 > Connection: Keep-Alive
1 > User-Agent: Apache-HttpClient/4.5.13 (Java/19.0.2)
1 > Accept-Encoding: gzip,deflate


20:50:04.761 [pool-2-thread-1] DEBUG com.intuit.karate - request:
1 > GET https://parabank.parasoft.com/parabank/services/bank/customers/12212/accounts
1 > Accept: application/json
1 > Host: parabank.parasoft.com
1 > Connection: Keep-Alive
1 > User-Agent: Apache-HttpClient/4.5.13 (Java/19.0.2)
1 > Accept-Encoding: gzip,deflate


20:50:04.762 [pool-2-thread-5] DEBUG com.intuit.karate - request:
1 > POST https://parabank.parasoft.com/parabank/services/bank/requestLoan
1 > Accept: application/json
1 > Content-Type: application/json; charset=UTF-8
1 > Content-Length: 75
1 > Host: parabank.parasoft.com
1 > Connection: Keep-Alive
1 > User-Agent: Apache-HttpClient/4.5.13 (Java/19.0.2)
1 > Accept-Encoding: gzip,deflate
{"customerId":12212,"amount":44764,"downPayment":630,"fromAccountId":12345}

20:50:04.762 [pool-2-thread-4] DEBUG com.intuit.karate - request:
1 > POST https://parabank.parasoft.com/parabank/services/bank/billpay
1 > Accept: application/json
1 > Content-Type: application/json; charset=UTF-8
1 > Content-Length: 212
1 > Host: parabank.parasoft.com
1 > Connection: Keep-Alive
1 > User-Agent: Apache-HttpClient/4.5.13 (Java/19.0.2)
1 > Accept-Encoding: gzip,deflate
{"accountId":13122,"amount":1000000,"name":"Pago de prueba","address":{"street":"direccion de prueba","city":"Medellin","state":"Antioquia","zipCode":"5002"},"phoneNumber":"3333333333333","accountNumber":"13344"}

20:50:05.661 [pool-2-thread-2] DEBUG com.intuit.karate - response time in milliseconds: 898
1 < 400
1 < Date: Mon, 17 Nov 2025 01:50:05 GMT
1 < Content-Type: text/plain;charset=UTF-8
1 < Content-Length: 30
1 < Connection: keep-alive
1 < Server: cloudflare
1 < cf-cache-status: DYNAMIC
1 < X-Content-Type-Options: nosniff
1 < CF-RAY: 99fb9340b8c9b3cd-MIA
Could not find customer #67357

20:50:05.661 [pool-2-thread-4] DEBUG com.intuit.karate - response time in milliseconds: 898
1 < 500
1 < Date: Mon, 17 Nov 2025 01:50:05 GMT
1 < Content-Length: 0
1 < Connection: keep-alive
1 < Server: cloudflare
1 < cf-cache-status: DYNAMIC
1 < X-Content-Type-Options: nosniff
1 < CF-RAY: 99fb9340bcfed669-MIA


20:50:05.666 [pool-2-thread-4] INFO  com.intuit.karate - [print] Status recibido: 500 
20:50:05.667 [pool-2-thread-4] INFO  com.intuit.karate - [print] Respuesta recibida:  
20:50:05.669 [pool-2-thread-4] ERROR com.intuit.karate - classpath:org/udea/parabank/PaymentFailed.feature:35
* assert isError, 'El sistema debe responder con un código de error (400, 422 o 500)'
did not evaluate to 'true': isError, 'El sistema debe responder con un código de error (400, 422 o 500)'
classpath:org/udea/parabank/PaymentFailed.feature:35
20:50:05.671 [pool-2-thread-3] DEBUG com.intuit.karate - response time in milliseconds: 908
1 < 200
1 < Date: Mon, 17 Nov 2025 01:50:05 GMT
1 < Content-Type: application/json
1 < Transfer-Encoding: chunked
1 < Connection: keep-alive
1 < Server: cloudflare
1 < cf-cache-status: DYNAMIC
1 < X-Content-Type-Options: nosniff
1 < CF-RAY: 99fb9340be3b31fb-MIA
{"id":12212,"firstName":"John","lastName":"Smith","address":{"street":"1431 Main St","city":"Beverly Hills","state":"CA","zipCode":"90210"},"phoneNumber":"310-447-4121","ssn":"622-11-9999"}

20:50:05.672 [pool-2-thread-1] DEBUG com.intuit.karate - response time in milliseconds: 910
1 < 200
1 < Date: Mon, 17 Nov 2025 01:50:05 GMT
1 < Content-Type: application/json
1 < Transfer-Encoding: chunked
1 < Connection: keep-alive
1 < Server: cloudflare
1 < cf-cache-status: DYNAMIC
1 < X-Content-Type-Options: nosniff
1 < CF-RAY: 99fb9340bf99a68c-MIA
[{"id":12345,"customerId":12212,"type":"CHECKING","balance":-20793.00},{"id":12456,"customerId":12212,"type":"CHECKING","balance":-289.55},{"id":12567,"customerId":12212,"type":"CHECKING","balance":400.00},{"id":12678,"customerId":12212,"type":"SAVINGS","balance":-100.00},{"id":12789,"customerId":12212,"type":"CHECKING","balance":100.00},{"id":12900,"customerId":12212,"type":"CHECKING","balance":1544.00},{"id":13011,"customerId":12212,"type":"CHECKING","balance":100.00},{"id":13122,"customerId":12212,"type":"CHECKING","balance":-998900.00},{"id":13233,"customerId":12212,"type":"CHECKING","balance":100.00},{"id":13344,"customerId":12212,"type":"SAVINGS","balance":1140.10},{"id":13677,"customerId":12212,"type":"SAVINGS","balance":90.00},{"id":14010,"customerId":12212,"type":"CHECKING","balance":90.00},{"id":14121,"customerId":12212,"type":"CHECKING","balance":90.00},{"id":14676,"customerId":12212,"type":"CHECKING","balance":90.00},{"id":15009,"customerId":12212,"type":"CHECKING","balance":90.00},{"id":15120,"customerId":12212,"type":"CHECKING","balance":90.00},{"id":54321,"customerId":12212,"type":"CHECKING","balance":17851.12}]

20:50:05.688 [pool-2-thread-4] DEBUG com.intuit.karate - request:
1 > POST https://parabank.parasoft.com/parabank/services/bank/transfer?amount=155&fromAccountId=12345&toAccountId=12900
1 > Accept: application/json
1 > Host: parabank.parasoft.com
1 > Connection: Keep-Alive
1 > User-Agent: Apache-HttpClient/4.5.13 (Java/19.0.2)
1 > Accept-Encoding: gzip,deflate


20:50:05.690 [pool-2-thread-2] DEBUG com.intuit.karate - request:
1 > POST https://parabank.parasoft.com/parabank/services/bank/transfer?amount=154&fromAccountId=14632&toAccountId=46483
1 > Accept: application/json
1 > Host: parabank.parasoft.com
1 > Connection: Keep-Alive
1 > User-Agent: Apache-HttpClient/4.5.13 (Java/19.0.2)
1 > Accept-Encoding: gzip,deflate


20:50:05.691 [pool-2-thread-3] INFO  com.intuit.karate - [print] Login successful. User ID: 12212 CF-RAY header: 99fb9340be3b31fb-MIA 
20:50:05.737 [pool-2-thread-5] DEBUG com.intuit.karate - response time in milliseconds: 975
1 < 400
1 < Date: Mon, 17 Nov 2025 01:50:05 GMT
1 < Content-Type: text/plain;charset=UTF-8
1 < Content-Length: 164
1 < Connection: keep-alive
1 < Server: cloudflare
1 < cf-cache-status: DYNAMIC
1 < X-Content-Type-Options: nosniff
1 < CF-RAY: 99fb9340be1860eb-MIA
Cannot invoke "java.math.BigDecimal.compareTo(java.math.BigDecimal)" because the return value of "com.parasoft.parabank.domain.LoanRequest.getDownPayment()" is null

20:50:05.739 [pool-2-thread-5] INFO  com.intuit.karate - [print] Loan request status: 400 
20:50:05.740 [pool-2-thread-5] INFO  com.intuit.karate - [print] Loan request response: Cannot invoke "java.math.BigDecimal.compareTo(java.math.BigDecimal)" because the return value of "com.parasoft.parabank.domain.LoanRequest.getDownPayment()" is null 
20:50:05.751 [pool-2-thread-5] ERROR com.intuit.karate - classpath:org/udea/parabank/SimulacionPrestamo.feature:31
* assert responseStatus >= 200 && responseStatus < 600, 'El sistema debe responder con un código HTTP válido'
did not evaluate to 'true': responseStatus >= 200 && responseStatus < 600, 'El sistema debe responder con un código HTTP válido'
classpath:org/udea/parabank/SimulacionPrestamo.feature:31
20:50:06.102 [pool-2-thread-2] DEBUG com.intuit.karate - response time in milliseconds: 412
1 < 400
1 < Date: Mon, 17 Nov 2025 01:50:05 GMT
1 < Content-Type: text/plain;charset=UTF-8
1 < Content-Length: 48
1 < Connection: keep-alive
1 < Server: cloudflare
1 < cf-cache-status: DYNAMIC
1 < X-Content-Type-Options: nosniff
1 < CF-RAY: 99fb93436c016978-MIA
Could not find account number 14632 and/or 46483

20:50:06.107 [pool-2-thread-4] DEBUG com.intuit.karate - response time in milliseconds: 419
1 < 200
1 < Date: Mon, 17 Nov 2025 01:50:05 GMT
1 < Content-Type: application/json
1 < Transfer-Encoding: chunked
1 < Connection: keep-alive
1 < Server: cloudflare
1 < cf-cache-status: DYNAMIC
1 < X-Content-Type-Options: nosniff
1 < CF-RAY: 99fb93437eb9f436-MIA
Successfully transferred $155 from account #12345 to account #12900

20:50:06.429 [pool-3-thread-1] INFO  com.intuit.karate.Suite - <<pass>> feature 1 of 5 (4 remaining) classpath:org/udea/parabank/ConsultaCuentas.feature
20:50:06.494 [pool-3-thread-1] INFO  com.intuit.karate.Suite - <<pass>> feature 2 of 5 (3 remaining) classpath:org/udea/parabank/login.feature
20:50:06.599 [pool-3-thread-1] INFO  com.intuit.karate.Suite - <<fail>> feature 3 of 5 (2 remaining) classpath:org/udea/parabank/PaymentFailed.feature
20:50:06.731 [pool-3-thread-1] INFO  com.intuit.karate.Suite - <<fail>> feature 4 of 5 (1 remaining) classpath:org/udea/parabank/SimulacionPrestamo.feature
20:50:06.818 [pool-3-thread-1] INFO  com.intuit.karate.Suite - <<pass>> feature 5 of 5 (0 remaining) classpath:org/udea/parabank/TransferFunds.feature
